Erase all QSPI: 0 : 12596 (12596 ms) 

Start Hardware to run v1 ... (not implemented)
area 0 state -1
Unregconize, format area 0
Erase area 0 0x90000000
area 1 state -1
Unregconize, format area 1
Erase area 1 0x90200000
Backup firmware version 1 to area 0
backup_firmware() backup_area 0 set backup completed (not implemeted)
Backup area 0 info:
[QSPI] area: 0x90000000 , size 0x00200000 (2097152), state: 6
[QSPI] program: 0x90010000 , size 0x00000000 (0) , version 1

Update area 1 info:
[QSPI] area: 0x90200000 , size 0x00200000 (2097152), state: 0
[QSPI] program: 0x90210000 , size 0x00000000 (0) , version 0


Reset Hardware to run v1 ... (not implemented)
area 0 state 6
area 1 state 0
Backup area 0 info:
[QSPI] area: 0x90000000 , size 0x00200000 (2097152), state: 6
[QSPI] program: 0x90010000 , size 0x00000000 (0) , version 1

Update area 1 info:
[QSPI] area: 0x90200000 , size 0x00200000 (2097152), state: 0
[QSPI] program: 0x90210000 , size 0x00000000 (0) , version 0


Reset Hardware to download v2 ... (not implemented)
area 0 state 6
area 1 state 0
Backup area 0 info:
[QSPI] area: 0x90000000 , size 0x00200000 (2097152), state: 6
[QSPI] program: 0x90010000 , size 0x00000000 (0) , version 1

Update area 1 info:
[QSPI] area: 0x90200000 , size 0x00200000 (2097152), state: 0
[QSPI] program: 0x90210000 , size 0x00000000 (0) , version 0

- Download completed version 2 to QSPI (area 1, address 0x90210000, size 16384 bytes)
[QSPI] area: 0x90200000 , size 0x00200000 (2097152), state: 2
[QSPI] program: 0x90210000 , size 0x00004000 (16384) , version 2

- Download completed, send reset request... (not implemented)
- Download completed, send reset request... (not implemented)
- Download completed, send reset request... (not implemented)
- Download completed, send reset request... (not implemented)
- Download completed, send reset request... (not implemented)

Reset Hardware to update v2 ... (not implemented)
area 0 state 6
area 1 state 2
Detected new version 2 in QSPI area 1
Backup area 0 info:
[QSPI] area: 0x90000000 , size 0x00200000 (2097152), state: 6
[QSPI] program: 0x90010000 , size 0x00000000 (0) , version 1

Update area 1 info:
[QSPI] area: 0x90200000 , size 0x00200000 (2097152), state: 2
[QSPI] program: 0x90210000 , size 0x00004000 (16384) , version 2

- Update new firmware version 2 from QSPI 0x90210000 (16384 bytes) to FLASH 0x08160000
Flash erase [0x08160000:0x08163fff] (0x4000 bytes) Sector3 NbOfSectors1
- Update completed (16384 bytes)
- Update completed, send reset request... (not implemented)

Reset Hardware to download v3 ... (not implemented)
area 0 state 6
area 1 state 4
area 1 (version 2) change to state 6 
Backup area 1 info:
[QSPI] area: 0x90200000 , size 0x00200000 (2097152), state: 6
[QSPI] program: 0x90210000 , size 0x00004000 (16384) , version 2

Update area 0 info:
[QSPI] area: 0x90000000 , size 0x00200000 (2097152), state: 6
[QSPI] program: 0x90010000 , size 0x00000000 (0) , version 1

- Erase old backup area 0 (version 1) before downloading
Erase area 0 0x90000000
- Download completed version 3 to QSPI (area 0, address 0x90010000, size 16384 bytes)
[QSPI] area: 0x90000000 , size 0x00200000 (2097152), state: 2
[QSPI] program: 0x90010000 , size 0x00004000 (16384) , version 3

- Download completed, send reset request... (not implemented)
- Download completed, send reset request... (not implemented)
- Download completed, send reset request... (not implemented)
- Download completed, send reset request... (not implemented)

Reset Hardware to update v3 ... (not implemented)
area 0 state 2
Detected new version 3 in QSPI area 0
area 1 state 6
Backup area 1 info:
[QSPI] area: 0x90200000 , size 0x00200000 (2097152), state: 6
[QSPI] program: 0x90210000 , size 0x00004000 (16384) , version 2

Update area 0 info:
[QSPI] area: 0x90000000 , size 0x00200000 (2097152), state: 2
[QSPI] program: 0x90010000 , size 0x00004000 (16384) , version 3

- Update new firmware version 3 from QSPI 0x90010000 (16384 bytes) to FLASH 0x08160000
Flash erase [0x08160000:0x08163fff] (0x4000 bytes) Sector3 NbOfSectors1
- Update completed (16384 bytes)
- Update completed, send reset request... (not implemented)

Reset Hardware to run v3... (not implemented)
area 0 state 4
area 0 (version 3) change to state 6 
area 1 state 6
Backup area 0 info:
[QSPI] area: 0x90000000 , size 0x00200000 (2097152), state: 6
[QSPI] program: 0x90010000 , size 0x00004000 (16384) , version 3

Update area 1 info:
[QSPI] area: 0x90200000 , size 0x00200000 (2097152), state: 6
[QSPI] program: 0x90210000 , size 0x00004000 (16384) , version 2


Reset Hardware to run v3... (not implemented)
area 0 state 6
area 1 state 6
Backup area 0 info:
[QSPI] area: 0x90000000 , size 0x00200000 (2097152), state: 6
[QSPI] program: 0x90010000 , size 0x00004000 (16384) , version 3

Update area 1 info:
[QSPI] area: 0x90200000 , size 0x00200000 (2097152), state: 6
[QSPI] program: 0x90210000 , size 0x00004000 (16384) , version 2


Reset Hardware to run v3... (not implemented)
area 0 state 6
area 1 state 6
Backup area 0 info:
[QSPI] area: 0x90000000 , size 0x00200000 (2097152), state: 6
[QSPI] program: 0x90010000 , size 0x00004000 (16384) , version 3

Update area 1 info:
[QSPI] area: 0x90200000 , size 0x00200000 (2097152), state: 6
[QSPI] program: 0x90210000 , size 0x00004000 (16384) , version 2

